#
# There is insufficient memory for the Java Runtime Environment to continue.
# Native memory allocation (malloc) failed to allocate 735216 bytes for Chunk::new
# Possible reasons:
#   The system is out of physical RAM or swap space
#   The process is running with CompressedOops enabled, and the Java Heap may be blocking the growth of the native heap
# Possible solutions:
#   Reduce memory load on the system
#   Increase physical memory or swap space
#   Check if swap backing store is full
#   Decrease Java heap size (-Xmx/-Xms)
#   Decrease number of Java threads
#   Decrease Java thread stack sizes (-Xss)
#   Set larger code cache with -XX:ReservedCodeCacheSize=
#   JVM is running with Unscaled Compressed Oops mode in which the Java heap is
#     placed in the first 4GB address space. The Java Heap base address is the
#     maximum limit for the native heap growth. Please use -XX:HeapBaseMinAddress
#     to set the Java Heap base and to place the Java Heap above 4GB virtual address.
# This output file may be truncated or incomplete.
#
#  Out of Memory Error (./src/hotspot/share/memory/arena.cpp:197), pid=15184, tid=1672
#
# JRE version: OpenJDK Runtime Environment (11.0.8+10) (build 11.0.8+10-b944.6842174)
# Java VM: OpenJDK 64-Bit Server VM (11.0.8+10-b944.6842174, mixed mode, tiered, compressed oops, g1 gc, windows-amd64)
# No core dump will be written. Minidumps are not enabled by default on client versions of Windows
#

---------------  S U M M A R Y ------------

Command Line: --add-opens=java.base/java.util=ALL-UNNAMED --add-opens=java.base/java.lang=ALL-UNNAMED --add-opens=java.base/java.lang.invoke=ALL-UNNAMED --add-opens=java.prefs/java.util.prefs=ALL-UNNAMED -Xmx2048m -Dfile.encoding=UTF-8 -Duser.country=RU -Duser.language=ru -Duser.variant org.gradle.launcher.daemon.bootstrap.GradleDaemon 6.7.1

Host: Intel(R) Core(TM) i3-7020U CPU @ 2.30GHz, 4 cores, 7G,  Windows 10 , 64 bit Build 18362 (10.0.18362.1110)
Time: Sat Jun 19 13:19:36 2021 Oaio?aeuiay Acey (ceia) elapsed time: 22 seconds (0d 0h 0m 22s)

---------------  T H R E A D  ---------------

Current thread (0x0000023168fc8800):  JavaThread "C2 CompilerThread0" daemon [_thread_in_native, id=1672, stack(0x0000006cdc800000,0x0000006cdc900000)]


Current CompileTask:
C2:  22142 2107       4       java.net.URLClassLoader$1::run (5 bytes)

Stack: [0x0000006cdc800000,0x0000006cdc900000]
Native frames: (J=compiled Java code, j=interpreted, Vv=VM code, C=native code)
V  [jvm.dll+0x5de50a]
V  [jvm.dll+0x7122f5]
V  [jvm.dll+0x71384d]
V  [jvm.dll+0x713f03]
V  [jvm.dll+0x23e728]
V  [jvm.dll+0xb899c]
V  [jvm.dll+0xb8e9c]
V  [jvm.dll+0x35024d]
V  [jvm.dll+0x193b27]
V  [jvm.dll+0x1f780e]
V  [jvm.dll+0x1f68d4]
V  [jvm.dll+0x17f32c]
V  [jvm.dll+0x205047]
V  [jvm.dll+0x203891]
V  [jvm.dll+0x6dad3f]
V  [jvm.dll+0x6d3895]
V  [jvm.dll+0x5dd4a6]
C  [ucrtbase.dll+0x210b2]
C  [KERNEL32.DLL+0x17c24]
C  [ntdll.dll+0x6cea1]


---------------  P R O C E S S  ---------------

Threads class SMR info:
_java_thread_list=0x000002316d6d6a40, length=23, elements={
0x000002314f543000, 0x0000023168fa8800, 0x0000023168fb2000, 0x0000023168fc6000,
0x0000023168fc7000, 0x0000023168fc8800, 0x0000023168fcb800, 0x000002316995a000,
0x0000023169a88800, 0x0000023169ac7000, 0x000002316b68e000, 0x000002316b0a6000,
0x000002316b4e6000, 0x000002316aa60000, 0x000002316b17d800, 0x000002316b1e2800,
0x000002316b197000, 0x000002316aeaf800, 0x000002316bd6f000, 0x000002316a727800,
0x0000023169aa8000, 0x0000023169aaa800, 0x0000023169aa9800
}

Java Threads: ( => current thread )
  0x000002314f543000 JavaThread "main" [_thread_blocked, id=19684, stack(0x0000006cdbd00000,0x0000006cdbe00000)]
  0x0000023168fa8800 JavaThread "Reference Handler" daemon [_thread_blocked, id=12560, stack(0x0000006cdc400000,0x0000006cdc500000)]
  0x0000023168fb2000 JavaThread "Finalizer" daemon [_thread_blocked, id=18284, stack(0x0000006cdc500000,0x0000006cdc600000)]
  0x0000023168fc6000 JavaThread "Signal Dispatcher" daemon [_thread_blocked, id=16984, stack(0x0000006cdc600000,0x0000006cdc700000)]
  0x0000023168fc7000 JavaThread "Attach Listener" daemon [_thread_blocked, id=3916, stack(0x0000006cdc700000,0x0000006cdc800000)]
=>0x0000023168fc8800 JavaThread "C2 CompilerThread0" daemon [_thread_in_native, id=1672, stack(0x0000006cdc800000,0x0000006cdc900000)]
  0x0000023168fcb800 JavaThread "C1 CompilerThread0" daemon [_thread_blocked, id=5832, stack(0x0000006cdc900000,0x0000006cdca00000)]
  0x000002316995a000 JavaThread "Sweeper thread" daemon [_thread_blocked, id=2772, stack(0x0000006cdca00000,0x0000006cdcb00000)]
  0x0000023169a88800 JavaThread "Common-Cleaner" daemon [_thread_blocked, id=10064, stack(0x0000006cdcb00000,0x0000006cdcc00000)]
  0x0000023169ac7000 JavaThread "Service Thread" daemon [_thread_blocked, id=18940, stack(0x0000006cdcc00000,0x0000006cdcd00000)]
  0x000002316b68e000 JavaThread "Daemon health stats" [_thread_blocked, id=13636, stack(0x0000006cdce00000,0x0000006cdcf00000)]
  0x000002316b0a6000 JavaThread "Incoming local TCP Connector on port 55184" [_thread_in_native, id=9412, stack(0x0000006cdd300000,0x0000006cdd400000)]
  0x000002316b4e6000 JavaThread "Daemon periodic checks" [_thread_blocked, id=7576, stack(0x0000006cdd400000,0x0000006cdd500000)]
  0x000002316aa60000 JavaThread "Daemon" [_thread_blocked, id=18488, stack(0x0000006cdd500000,0x0000006cdd600000)]
  0x000002316b17d800 JavaThread "Handler for socket connection from /127.0.0.1:55184 to /127.0.0.1:55185" [_thread_in_native, id=16728, stack(0x0000006cdd600000,0x0000006cdd700000)]
  0x000002316b1e2800 JavaThread "Cancel handler" [_thread_blocked, id=22508, stack(0x0000006cdd700000,0x0000006cdd800000)]
  0x000002316b197000 JavaThread "Daemon worker" [_thread_in_vm, id=11092, stack(0x0000006cdd800000,0x0000006cdd900000)]
  0x000002316aeaf800 JavaThread "Asynchronous log dispatcher for DefaultDaemonConnection: socket connection from /127.0.0.1:55184 to /127.0.0.1:55185" [_thread_blocked, id=22040, stack(0x0000006cdd900000,0x0000006cdda00000)]
  0x000002316bd6f000 JavaThread "Stdin handler" [_thread_blocked, id=7044, stack(0x0000006cdda00000,0x0000006cddb00000)]
  0x000002316a727800 JavaThread "Thread-8" [_thread_blocked, id=1068, stack(0x0000006cddb00000,0x0000006cddc00000)]
  0x0000023169aa8000 JavaThread "Cache worker for file hash cache (C:\Users\Zhamshid Irisbayev\.gradle\caches\6.7.1\fileHashes)" [_thread_blocked, id=2760, stack(0x0000006cddd00000,0x0000006cdde00000)]
  0x0000023169aaa800 JavaThread "File lock request listener" [_thread_in_native, id=20424, stack(0x0000006cdde00000,0x0000006cddf00000)]
  0x0000023169aa9800 JavaThread "Cache worker for journal cache (C:\Users\Zhamshid Irisbayev\.gradle\caches\journal-1)" [_thread_blocked, id=11080, stack(0x0000006cddf00000,0x0000006cde000000)]

Other Threads:
  0x0000023168fa1800 VMThread "VM Thread" [stack: 0x0000006cdc300000,0x0000006cdc400000] [id=22240]
  0x0000023169aa3800 WatcherThread [stack: 0x0000006cdcd00000,0x0000006cdce00000] [id=10920]
  0x000002314f55b800 GCTaskThread "GC Thread#0" [stack: 0x0000006cdbe00000,0x0000006cdbf00000] [id=22224]
  0x0000023169f7b000 GCTaskThread "GC Thread#1" [stack: 0x0000006cdcf00000,0x0000006cdd000000] [id=15904]
  0x0000023169df1800 GCTaskThread "GC Thread#2" [stack: 0x0000006cdd000000,0x0000006cdd100000] [id=6140]
  0x0000023169b62000 GCTaskThread "GC Thread#3" [stack: 0x0000006cddc00000,0x0000006cddd00000] [id=19596]
  0x000002314f58e800 ConcurrentGCThread "G1 Main Marker" [stack: 0x0000006cdbf00000,0x0000006cdc000000] [id=15868]
  0x000002314f590000 ConcurrentGCThread "G1 Conc#0" [stack: 0x0000006cdc000000,0x0000006cdc100000] [id=14756]
  0x000002314f60e000 ConcurrentGCThread "G1 Refine#0" [stack: 0x0000006cdc100000,0x0000006cdc200000] [id=5616]
  0x0000023168df2800 ConcurrentGCThread "G1 Young RemSet Sampling" [stack: 0x0000006cdc200000,0x0000006cdc300000] [id=18228]

Threads with active compile tasks:
C2 CompilerThread0  22999 2107       4       java.net.URLClassLoader$1::run (5 bytes)

VM state:not at safepoint (normal execution)

VM Mutex/Monitor currently owned by a thread: None

Heap address: 0x0000000080000000, size: 2048 MB, Compressed Oops mode: 32-bit
Narrow klass base: 0x0000000000000000, Narrow klass shift: 3
Compressed class space size: 1073741824 Address: 0x0000000100000000

Heap:
 garbage-first heap   total 131072K, used 50571K [0x0000000080000000, 0x0000000100000000)
  region size 1024K, 38 young (38912K), 4 survivors (4096K)
 Metaspace       used 24471K, capacity 25082K, committed 25392K, reserved 1071104K
  class space    used 3127K, capacity 3363K, committed 3456K, reserved 1048576K
Heap Regions: E=young(eden), S=young(survivor), O=old, HS=humongous(starts), HC=humongous(continues), CS=collection set, F=free, A=archive, TAMS=top-at-mark-start (previous, next)
|   0|0x0000000080000000, 0x0000000080100000, 0x0000000080100000|100%| O|  |TAMS 0x0000000080100000, 0x0000000080000000| Untracked 
|   1|0x0000000080100000, 0x0000000080200000, 0x0000000080200000|100%| O|  |TAMS 0x0000000080200000, 0x0000000080100000| Untracked 
|   2|0x0000000080200000, 0x0000000080300000, 0x0000000080300000|100%| O|  |TAMS 0x0000000080300000, 0x0000000080200000| Untracked 
|   3|0x0000000080300000, 0x0000000080400000, 0x0000000080400000|100%|HS|  |TAMS 0x0000000080400000, 0x0000000080300000| Complete 
|   4|0x0000000080400000, 0x0000000080500000, 0x0000000080500000|100%|HC|  |TAMS 0x0000000080500000, 0x0000000080400000| Complete 
|   5|0x0000000080500000, 0x0000000080600000, 0x0000000080600000|100%|HC|  |TAMS 0x0000000080600000, 0x0000000080500000| Complete 
|   6|0x0000000080600000, 0x0000000080700000, 0x0000000080700000|100%| O|  |TAMS 0x0000000080700000, 0x0000000080600000| Untracked 
|   7|0x0000000080700000, 0x0000000080800000, 0x0000000080800000|100%| O|  |TAMS 0x0000000080800000, 0x0000000080700000| Untracked 
|   8|0x0000000080800000, 0x0000000080900000, 0x0000000080900000|100%| O|  |TAMS 0x0000000080900000, 0x0000000080800000| Untracked 
|   9|0x0000000080900000, 0x0000000080a00000, 0x0000000080a00000|100%| O|  |TAMS 0x0000000080a00000, 0x0000000080900000| Untracked 
|  10|0x0000000080a00000, 0x0000000080b00000, 0x0000000080b00000|100%| O|  |TAMS 0x0000000080b00000, 0x0000000080a00000| Untracked 
|  11|0x0000000080b00000, 0x0000000080c00000, 0x0000000080c00000|100%| O|  |TAMS 0x0000000080c00000, 0x0000000080b00000| Untracked 
|  12|0x0000000080c00000, 0x0000000080c6f200, 0x0000000080d00000| 43%| O|  |TAMS 0x0000000080c6f200, 0x0000000080c00000| Untracked 
|  13|0x0000000080d00000, 0x0000000080d00000, 0x0000000080e00000|  0%| F|  |TAMS 0x0000000080d00000, 0x0000000080d00000| Untracked 
|  14|0x0000000080e00000, 0x0000000080e00000, 0x0000000080f00000|  0%| F|  |TAMS 0x0000000080e00000, 0x0000000080e00000| Untracked 
|  15|0x0000000080f00000, 0x0000000080f00000, 0x0000000081000000|  0%| F|  |TAMS 0x0000000080f00000, 0x0000000080f00000| Untracked 
|  16|0x0000000081000000, 0x0000000081000000, 0x0000000081100000|  0%| F|  |TAMS 0x0000000081000000, 0x0000000081000000| Untracked 
|  17|0x0000000081100000, 0x0000000081100000, 0x0000000081200000|  0%| F|  |TAMS 0x0000000081100000, 0x0000000081100000| Untracked 
|  18|0x0000000081200000, 0x0000000081200000, 0x0000000081300000|  0%| F|  |TAMS 0x0000000081200000, 0x0000000081200000| Untracked 
|  19|0x0000000081300000, 0x0000000081300000, 0x0000000081400000|  0%| F|  |TAMS 0x0000000081300000, 0x0000000081300000| Untracked 
|  20|0x0000000081400000, 0x0000000081400000, 0x0000000081500000|  0%| F|  |TAMS 0x0000000081400000, 0x0000000081400000| Untracked 
|  21|0x0000000081500000, 0x0000000081500000, 0x0000000081600000|  0%| F|  |TAMS 0x0000000081500000, 0x0000000081500000| Untracked 
|  22|0x0000000081600000, 0x0000000081600000, 0x0000000081700000|  0%| F|  |TAMS 0x0000000081600000, 0x0000000081600000| Untracked 
|  23|0x0000000081700000, 0x0000000081700000, 0x0000000081800000|  0%| F|  |TAMS 0x0000000081700000, 0x0000000081700000| Untracked 
|  24|0x0000000081800000, 0x0000000081800000, 0x0000000081900000|  0%| F|  |TAMS 0x0000000081800000, 0x0000000081800000| Untracked 
|  25|0x0000000081900000, 0x0000000081900000, 0x0000000081a00000|  0%| F|  |TAMS 0x0000000081900000, 0x0000000081900000| Untracked 
|  26|0x0000000081a00000, 0x0000000081a00000, 0x0000000081b00000|  0%| F|  |TAMS 0x0000000081a00000, 0x0000000081a00000| Untracked 
|  27|0x0000000081b00000, 0x0000000081b00000, 0x0000000081c00000|  0%| F|  |TAMS 0x0000000081b00000, 0x0000000081b00000| Untracked 
|  28|0x0000000081c00000, 0x0000000081c00000, 0x0000000081d00000|  0%| F|  |TAMS 0x0000000081c00000, 0x0000000081c00000| Untracked 
|  29|0x0000000081d00000, 0x0000000081d00000, 0x0000000081e00000|  0%| F|  |TAMS 0x0000000081d00000, 0x0000000081d00000| Untracked 
|  30|0x0000000081e00000, 0x0000000081e00000, 0x0000000081f00000|  0%| F|  |TAMS 0x0000000081e00000, 0x0000000081e00000| Untracked 
|  31|0x0000000081f00000, 0x0000000081f00000, 0x0000000082000000|  0%| F|  |TAMS 0x0000000081f00000, 0x0000000081f00000| Untracked 
|  32|0x0000000082000000, 0x0000000082000000, 0x0000000082100000|  0%| F|  |TAMS 0x0000000082000000, 0x0000000082000000| Untracked 
|  33|0x0000000082100000, 0x0000000082100000, 0x0000000082200000|  0%| F|  |TAMS 0x0000000082100000, 0x0000000082100000| Untracked 
|  34|0x0000000082200000, 0x0000000082200000, 0x0000000082300000|  0%| F|  |TAMS 0x0000000082200000, 0x0000000082200000| Untracked 
|  35|0x0000000082300000, 0x0000000082300000, 0x0000000082400000|  0%| F|  |TAMS 0x0000000082300000, 0x0000000082300000| Untracked 
|  36|0x0000000082400000, 0x0000000082400000, 0x0000000082500000|  0%| F|  |TAMS 0x0000000082400000, 0x0000000082400000| Untracked 
|  37|0x0000000082500000, 0x0000000082500000, 0x0000000082600000|  0%| F|  |TAMS 0x0000000082500000, 0x0000000082500000| Untracked 
|  38|0x0000000082600000, 0x0000000082600000, 0x0000000082700000|  0%| F|  |TAMS 0x0000000082600000, 0x0000000082600000| Untracked 
|  39|0x0000000082700000, 0x0000000082700000, 0x0000000082800000|  0%| F|  |TAMS 0x0000000082700000, 0x0000000082700000| Untracked 
|  40|0x0000000082800000, 0x0000000082800000, 0x0000000082900000|  0%| F|  |TAMS 0x0000000082800000, 0x0000000082800000| Untracked 
|  41|0x0000000082900000, 0x0000000082900000, 0x0000000082a00000|  0%| F|  |TAMS 0x0000000082900000, 0x0000000082900000| Untracked 
|  42|0x0000000082a00000, 0x0000000082a00000, 0x0000000082b00000|  0%| F|  |TAMS 0x0000000082a00000, 0x0000000082a00000| Untracked 
|  43|0x0000000082b00000, 0x0000000082b00000, 0x0000000082c00000|  0%| F|  |TAMS 0x0000000082b00000, 0x0000000082b00000| Untracked 
|  44|0x0000000082c00000, 0x0000000082c00000, 0x0000000082d00000|  0%| F|  |TAMS 0x0000000082c00000, 0x0000000082c00000| Untracked 
|  45|0x0000000082d00000, 0x0000000082d00000, 0x0000000082e00000|  0%| F|  |TAMS 0x0000000082d00000, 0x0000000082d00000| Untracked 
|  46|0x0000000082e00000, 0x0000000082e00000, 0x0000000082f00000|  0%| F|  |TAMS 0x0000000082e00000, 0x0000000082e00000| Untracked 
|  47|0x0000000082f00000, 0x0000000082f00000, 0x0000000083000000|  0%| F|  |TAMS 0x0000000082f00000, 0x0000000082f00000| Untracked 
|  48|0x0000000083000000, 0x0000000083000000, 0x0000000083100000|  0%| F|  |TAMS 0x0000000083000000, 0x0000000083000000| Untracked 
|  49|0x0000000083100000, 0x0000000083100000, 0x0000000083200000|  0%| F|  |TAMS 0x0000000083100000, 0x0000000083100000| Untracked 
|  50|0x0000000083200000, 0x0000000083200000, 0x0000000083300000|  0%| F|  |TAMS 0x0000000083200000, 0x0000000083200000| Untracked 
|  51|0x0000000083300000, 0x0000000083300000, 0x0000000083400000|  0%| F|  |TAMS 0x0000000083300000, 0x0000000083300000| Untracked 
|  52|0x0000000083400000, 0x0000000083400000, 0x0000000083500000|  0%| F|  |TAMS 0x0000000083400000, 0x0000000083400000| Untracked 
|  53|0x0000000083500000, 0x0000000083500000, 0x0000000083600000|  0%| F|  |TAMS 0x0000000083500000, 0x0000000083500000| Untracked 
|  54|0x0000000083600000, 0x0000000083600000, 0x0000000083700000|  0%| F|  |TAMS 0x0000000083600000, 0x0000000083600000| Untracked 
|  55|0x0000000083700000, 0x0000000083700000, 0x0000000083800000|  0%| F|  |TAMS 0x0000000083700000, 0x0000000083700000| Untracked 
|  56|0x0000000083800000, 0x0000000083800000, 0x0000000083900000|  0%| F|  |TAMS 0x0000000083800000, 0x0000000083800000| Untracked 
|  57|0x0000000083900000, 0x0000000083900000, 0x0000000083a00000|  0%| F|  |TAMS 0x0000000083900000, 0x0000000083900000| Untracked 
|  58|0x0000000083a00000, 0x0000000083a00000, 0x0000000083b00000|  0%| F|  |TAMS 0x0000000083a00000, 0x0000000083a00000| Untracked 
|  59|0x0000000083b00000, 0x0000000083b00000, 0x0000000083c00000|  0%| F|  |TAMS 0x0000000083b00000, 0x0000000083b00000| Untracked 
|  60|0x0000000083c00000, 0x0000000083c00000, 0x0000000083d00000|  0%| F|  |TAMS 0x0000000083c00000, 0x0000000083c00000| Untracked 
|  61|0x0000000083d00000, 0x0000000083d00000, 0x0000000083e00000|  0%| F|  |TAMS 0x0000000083d00000, 0x0000000083d00000| Untracked 
|  62|0x0000000083e00000, 0x0000000083e00000, 0x0000000083f00000|  0%| F|  |TAMS 0x0000000083e00000, 0x0000000083e00000| Untracked 
|  63|0x0000000083f00000, 0x0000000083f00000, 0x0000000084000000|  0%| F|  |TAMS 0x0000000083f00000, 0x0000000083f00000| Untracked 
|  64|0x0000000084000000, 0x0000000084000000, 0x0000000084100000|  0%| F|  |TAMS 0x0000000084000000, 0x0000000084000000| Untracked 
|  65|0x0000000084100000, 0x0000000084100000, 0x0000000084200000|  0%| F|  |TAMS 0x0000000084100000, 0x0000000084100000| Untracked 
|  66|0x0000000084200000, 0x0000000084200000, 0x0000000084300000|  0%| F|  |TAMS 0x0000000084200000, 0x0000000084200000| Untracked 
|  67|0x0000000084300000, 0x0000000084300000, 0x0000000084400000|  0%| F|  |TAMS 0x0000000084300000, 0x0000000084300000| Untracked 
|  68|0x0000000084400000, 0x0000000084400000, 0x0000000084500000|  0%| F|  |TAMS 0x0000000084400000, 0x0000000084400000| Untracked 
|  69|0x0000000084500000, 0x0000000084500000, 0x0000000084600000|  0%| F|  |TAMS 0x0000000084500000, 0x0000000084500000| Untracked 
|  70|0x0000000084600000, 0x0000000084600000, 0x0000000084700000|  0%| F|  |TAMS 0x0000000084600000, 0x0000000084600000| Untracked 
|  71|0x0000000084700000, 0x0000000084700000, 0x0000000084800000|  0%| F|  |TAMS 0x0000000084700000, 0x0000000084700000| Untracked 
|  72|0x0000000084800000, 0x0000000084800000, 0x0000000084900000|  0%| F|  |TAMS 0x0000000084800000, 0x0000000084800000| Untracked 
|  73|0x0000000084900000, 0x0000000084900000, 0x0000000084a00000|  0%| F|  |TAMS 0x0000000084900000, 0x0000000084900000| Untracked 
|  74|0x0000000084a00000, 0x0000000084a00000, 0x0000000084b00000|  0%| F|  |TAMS 0x0000000084a00000, 0x0000000084a00000| Untracked 
|  75|0x0000000084b00000, 0x0000000084b00000, 0x0000000084c00000|  0%| F|  |TAMS 0x0000000084b00000, 0x0000000084b00000| Untracked 
|  76|0x0000000084c00000, 0x0000000084c00000, 0x0000000084d00000|  0%| F|  |TAMS 0x0000000084c00000, 0x0000000084c00000| Untracked 
|  77|0x0000000084d00000, 0x0000000084d00000, 0x0000000084e00000|  0%| F|  |TAMS 0x0000000084d00000, 0x0000000084d00000| Untracked 
|  78|0x0000000084e00000, 0x0000000084e00000, 0x0000000084f00000|  0%| F|  |TAMS 0x0000000084e00000, 0x0000000084e00000| Untracked 
|  79|0x0000000084f00000, 0x0000000084f00000, 0x0000000085000000|  0%| F|  |TAMS 0x0000000084f00000, 0x0000000084f00000| Untracked 
|  80|0x0000000085000000, 0x0000000085000000, 0x0000000085100000|  0%| F|  |TAMS 0x0000000085000000, 0x0000000085000000| Untracked 
|  81|0x0000000085100000, 0x0000000085100000, 0x0000000085200000|  0%| F|  |TAMS 0x0000000085100000, 0x0000000085100000| Untracked 
|  82|0x0000000085200000, 0x0000000085200000, 0x0000000085300000|  0%| F|  |TAMS 0x0000000085200000, 0x0000000085200000| Untracked 
|  83|0x0000000085300000, 0x0000000085300000, 0x0000000085400000|  0%| F|  |TAMS 0x0000000085300000, 0x0000000085300000| Untracked 
|  84|0x0000000085400000, 0x0000000085400000, 0x0000000085500000|  0%| F|  |TAMS 0x0000000085400000, 0x0000000085400000| Untracked 
|  85|0x0000000085500000, 0x0000000085500000, 0x0000000085600000|  0%| F|  |TAMS 0x0000000085500000, 0x0000000085500000| Untracked 
|  86|0x0000000085600000, 0x0000000085600000, 0x0000000085700000|  0%| F|  |TAMS 0x0000000085600000, 0x0000000085600000| Untracked 
|  87|0x0000000085700000, 0x0000000085700000, 0x0000000085800000|  0%| F|  |TAMS 0x0000000085700000, 0x0000000085700000| Untracked 
|  88|0x0000000085800000, 0x00000000858abee0, 0x0000000085900000| 67%| E|  |TAMS 0x0000000085800000, 0x0000000085800000| Complete 
|  89|0x0000000085900000, 0x0000000085a00000, 0x0000000085a00000|100%| E|CS|TAMS 0x0000000085900000, 0x0000000085900000| Complete 
|  90|0x0000000085a00000, 0x0000000085b00000, 0x0000000085b00000|100%| E|CS|TAMS 0x0000000085a00000, 0x0000000085a00000| Complete 
|  91|0x0000000085b00000, 0x0000000085c00000, 0x0000000085c00000|100%| E|CS|TAMS 0x0000000085b00000, 0x0000000085b00000| Complete 
|  92|0x0000000085c00000, 0x0000000085d00000, 0x0000000085d00000|100%| E|CS|TAMS 0x0000000085c00000, 0x0000000085c00000| Complete 
|  93|0x0000000085d00000, 0x0000000085e00000, 0x0000000085e00000|100%| E|CS|TAMS 0x0000000085d00000, 0x0000000085d00000| Complete 
|  94|0x0000000085e00000, 0x0000000085f00000, 0x0000000085f00000|100%| E|CS|TAMS 0x0000000085e00000, 0x0000000085e00000| Complete 
|  95|0x0000000085f00000, 0x0000000086000000, 0x0000000086000000|100%| E|CS|TAMS 0x0000000085f00000, 0x0000000085f00000| Complete 
|  96|0x0000000086000000, 0x0000000086100000, 0x0000000086100000|100%| E|CS|TAMS 0x0000000086000000, 0x0000000086000000| Complete 
|  97|0x0000000086100000, 0x0000000086200000, 0x0000000086200000|100%| E|CS|TAMS 0x0000000086100000, 0x0000000086100000| Complete 
|  98|0x0000000086200000, 0x0000000086300000, 0x0000000086300000|100%| E|CS|TAMS 0x0000000086200000, 0x0000000086200000| Complete 
|  99|0x0000000086300000, 0x0000000086400000, 0x0000000086400000|100%| E|CS|TAMS 0x0000000086300000, 0x0000000086300000| Complete 
| 100|0x0000000086400000, 0x0000000086500000, 0x0000000086500000|100%| E|CS|TAMS 0x0000000086400000, 0x0000000086400000| Complete 
| 101|0x0000000086500000, 0x0000000086600000, 0x0000000086600000|100%| E|CS|TAMS 0x0000000086500000, 0x0000000086500000| Complete 
| 102|0x0000000086600000, 0x0000000086700000, 0x0000000086700000|100%| E|CS|TAMS 0x0000000086600000, 0x0000000086600000| Complete 
| 103|0x0000000086700000, 0x0000000086800000, 0x0000000086800000|100%| E|CS|TAMS 0x0000000086700000, 0x0000000086700000| Complete 
| 104|0x0000000086800000, 0x0000000086900000, 0x0000000086900000|100%| E|CS|TAMS 0x0000000086800000, 0x0000000086800000| Complete 
| 105|0x0000000086900000, 0x0000000086a00000, 0x0000000086a00000|100%| E|CS|TAMS 0x0000000086900000, 0x0000000086900000| Complete 
| 106|0x0000000086a00000, 0x0000000086af3da0, 0x0000000086b00000| 95%| S|CS|TAMS 0x0000000086a00000, 0x0000000086a00000| Complete 
| 107|0x0000000086b00000, 0x0000000086c00000, 0x0000000086c00000|100%| S|CS|TAMS 0x0000000086b00000, 0x0000000086b00000| Complete 
| 108|0x0000000086c00000, 0x0000000086d00000, 0x0000000086d00000|100%| S|CS|TAMS 0x0000000086c00000, 0x0000000086c00000| Complete 
| 109|0x0000000086d00000, 0x0000000086e00000, 0x0000000086e00000|100%| S|CS|TAMS 0x0000000086d00000, 0x0000000086d00000| Complete 
| 110|0x0000000086e00000, 0x0000000086f00000, 0x0000000086f00000|100%| E|CS|TAMS 0x0000000086e00000, 0x0000000086e00000| Complete 
| 111|0x0000000086f00000, 0x0000000087000000, 0x0000000087000000|100%| E|CS|TAMS 0x0000000086f00000, 0x0000000086f00000| Complete 
| 112|0x0000000087000000, 0x0000000087100000, 0x0000000087100000|100%| E|CS|TAMS 0x0000000087000000, 0x0000000087000000| Complete 
| 113|0x0000000087100000, 0x0000000087200000, 0x0000000087200000|100%| E|CS|TAMS 0x0000000087100000, 0x0000000087100000| Complete 
| 114|0x0000000087200000, 0x0000000087300000, 0x0000000087300000|100%| E|CS|TAMS 0x0000000087200000, 0x0000000087200000| Complete 
| 115|0x0000000087300000, 0x0000000087400000, 0x0000000087400000|100%| E|CS|TAMS 0x0000000087300000, 0x0000000087300000| Complete 
| 116|0x0000000087400000, 0x0000000087500000, 0x0000000087500000|100%| E|CS|TAMS 0x0000000087400000, 0x0000000087400000| Complete 
| 117|0x0000000087500000, 0x0000000087600000, 0x0000000087600000|100%| E|CS|TAMS 0x0000000087500000, 0x0000000087500000| Complete 
| 118|0x0000000087600000, 0x0000000087700000, 0x0000000087700000|100%| E|CS|TAMS 0x0000000087600000, 0x0000000087600000| Complete 
| 119|0x0000000087700000, 0x0000000087800000, 0x0000000087800000|100%| E|CS|TAMS 0x0000000087700000, 0x0000000087700000| Complete 
| 120|0x0000000087800000, 0x0000000087900000, 0x0000000087900000|100%| E|CS|TAMS 0x0000000087800000, 0x0000000087800000| Complete 
| 121|0x0000000087900000, 0x0000000087a00000, 0x0000000087a00000|100%| E|CS|TAMS 0x0000000087900000, 0x0000000087900000| Complete 
| 122|0x0000000087a00000, 0x0000000087b00000, 0x0000000087b00000|100%| E|CS|TAMS 0x0000000087a00000, 0x0000000087a00000| Complete 
| 123|0x0000000087b00000, 0x0000000087c00000, 0x0000000087c00000|100%| E|CS|TAMS 0x0000000087b00000, 0x0000000087b00000| Complete 
| 124|0x0000000087c00000, 0x0000000087d00000, 0x0000000087d00000|100%| E|CS|TAMS 0x0000000087c00000, 0x0000000087c00000| Complete 
| 125|0x0000000087d00000, 0x0000000087e00000, 0x0000000087e00000|100%| E|CS|TAMS 0x0000000087d00000, 0x0000000087d00000| Complete 
| 126|0x0000000087e00000, 0x0000000087f00000, 0x0000000087f00000|100%| E|CS|TAMS 0x0000000087e00000, 0x0000000087e00000| Complete 
| 127|0x0000000087f00000, 0x0000000088000000, 0x0000000088000000|100%| E|CS|TAMS 0x0000000087f00000, 0x0000000087f00000| Complete 

Card table byte_map: [0x00000231622b0000,0x00000231626b0000] _byte_map_base: 0x0000023161eb0000

Marking Bits (Prev, Next): (CMBitMap*) 0x000002314f5859b0, (CMBitMap*) 0x000002314f585978
 Prev Bits: [0x0000023164ab0000, 0x0000023166ab0000)
 Next Bits: [0x0000023162ab0000, 0x0000023164ab0000)

Polling page: 0x000002314d540000

Metaspace:

Usage:
  Non-class:     21.40 MB capacity,    21.06 MB ( 98%) used,   296.86 KB (  1%) free+waste,    44.38 KB ( <1%) overhead. 
      Class:      3.32 MB capacity,     3.10 MB ( 94%) used,   197.44 KB (  6%) free+waste,    22.19 KB ( <1%) overhead. 
       Both:     24.71 MB capacity,    24.17 MB ( 98%) used,   494.30 KB (  2%) free+waste,    66.56 KB ( <1%) overhead. 

Virtual space:
  Non-class space:       22.00 MB reserved,      21.42 MB ( 97%) committed 
      Class space:        1.00 GB reserved,       3.38 MB ( <1%) committed 
             Both:        1.02 GB reserved,      24.80 MB (  2%) committed 

Chunk freelists:
   Non-Class:  25.00 KB
       Class:  29.00 KB
        Both:  54.00 KB

MaxMetaspaceSize: 17179869184.00 GB
CompressedClassSpaceSize: 1.00 GB

CodeHeap 'non-profiled nmethods': size=120064Kb used=965Kb max_used=965Kb free=119098Kb
 bounds [0x000002315a970000, 0x000002315abe0000, 0x0000023161eb0000]
CodeHeap 'profiled nmethods': size=120000Kb used=4074Kb max_used=4074Kb free=115925Kb
 bounds [0x0000023153440000, 0x0000023153840000, 0x000002315a970000]
CodeHeap 'non-nmethods': size=5696Kb used=1141Kb max_used=1171Kb free=4554Kb
 bounds [0x0000023152eb0000, 0x0000023153120000, 0x0000023153440000]
 total_blobs=2451 nmethods=1976 adapters=386
 compilation: enabled
              stopped_count=0, restarted_count=0
 full_count=0

Compilation events (20 events):
Event: 21.572 Thread 0x0000023168fcb800 2133       3       java.util.concurrent.locks.ReentrantLock$Sync::isHeldExclusively (16 bytes)
Event: 21.575 Thread 0x0000023168fcb800 nmethod 2133 0x0000023153805b10 code [0x0000023153805cc0, 0x0000023153805e58]
Event: 21.594 Thread 0x0000023168fcb800 2134       3       java.lang.invoke.MethodHandleNatives::isCallerSensitive (29 bytes)
Event: 21.595 Thread 0x0000023168fcb800 nmethod 2134 0x0000023153805f10 code [0x0000023153806100, 0x0000023153806668]
Event: 21.603 Thread 0x0000023168fcb800 2136       3       jdk.internal.org.objectweb.asm.MethodWriter::visitAnnotation (82 bytes)
Event: 21.604 Thread 0x0000023168fcb800 nmethod 2136 0x0000023153806810 code [0x0000023153806a60, 0x0000023153807318]
Event: 21.604 Thread 0x0000023168fcb800 2137       3       jdk.internal.org.objectweb.asm.AnnotationWriter::visitEnd (43 bytes)
Event: 21.605 Thread 0x0000023168fcb800 nmethod 2137 0x0000023153807610 code [0x00000231538077c0, 0x0000023153807958]
Event: 21.616 Thread 0x0000023168fcb800 2138       3       org.objectweb.asm.SymbolTable::get (13 bytes)
Event: 21.618 Thread 0x0000023168fcb800 nmethod 2138 0x0000023153807a90 code [0x0000023153807c40, 0x0000023153807d98]
Event: 21.625 Thread 0x0000023168fcb800 2139       3       org.objectweb.asm.SymbolTable::hash (10 bytes)
Event: 21.625 Thread 0x0000023168fcb800 nmethod 2139 0x0000023153807e90 code [0x0000023153808040, 0x0000023153808168]
Event: 21.673 Thread 0x0000023168fcb800 2141       3       org.objectweb.asm.ByteVector::putShort (52 bytes)
Event: 21.674 Thread 0x0000023168fcb800 nmethod 2141 0x0000023153808290 code [0x0000023153808460, 0x0000023153808668]
Event: 21.689 Thread 0x0000023168fcb800 2142       3       java.lang.invoke.DirectMethodHandle::preparedLambdaForm (248 bytes)
Event: 21.690 Thread 0x0000023168fcb800 nmethod 2142 0x0000023153808790 code [0x0000023153808a60, 0x00000231538094f8]
Event: 21.691 Thread 0x0000023168fcb800 2143   !   3       java.lang.invoke.MethodHandle::setVarargs (24 bytes)
Event: 21.692 Thread 0x0000023168fcb800 nmethod 2143 0x0000023153809990 code [0x0000023153809ba0, 0x000002315380a238]
Event: 21.692 Thread 0x0000023168fcb800 2144       3       java.lang.invoke.MemberName::isVarargs (23 bytes)
Event: 21.692 Thread 0x0000023168fcb800 nmethod 2144 0x000002315380a490 code [0x000002315380a680, 0x000002315380ab18]

GC Heap History (10 events):
Event: 2.452 GC heap before
{Heap before GC invocations=0 (full 0):
 garbage-first heap   total 131072K, used 19456K [0x0000000080000000, 0x0000000100000000)
  region size 1024K, 14 young (14336K), 0 survivors (0K)
 Metaspace       used 7412K, capacity 7567K, committed 7680K, reserved 1056768K
  class space    used 667K, capacity 716K, committed 768K, reserved 1048576K
}
Event: 2.458 GC heap after
{Heap after GC invocations=1 (full 0):
 garbage-first heap   total 131072K, used 8116K [0x0000000080000000, 0x0000000100000000)
  region size 1024K, 2 young (2048K), 2 survivors (2048K)
 Metaspace       used 7412K, capacity 7567K, committed 7680K, reserved 1056768K
  class space    used 667K, capacity 716K, committed 768K, reserved 1048576K
}
Event: 3.418 GC heap before
{Heap before GC invocations=1 (full 0):
 garbage-first heap   total 131072K, used 19380K [0x0000000080000000, 0x0000000100000000)
  region size 1024K, 13 young (13312K), 2 survivors (2048K)
 Metaspace       used 10710K, capacity 10992K, committed 11264K, reserved 1058816K
  class space    used 1126K, capacity 1199K, committed 1280K, reserved 1048576K
}
Event: 3.424 GC heap after
{Heap after GC invocations=2 (full 0):
 garbage-first heap   total 131072K, used 9061K [0x0000000080000000, 0x0000000100000000)
  region size 1024K, 1 young (1024K), 1 survivors (1024K)
 Metaspace       used 10710K, capacity 10992K, committed 11264K, reserved 1058816K
  class space    used 1126K, capacity 1199K, committed 1280K, reserved 1048576K
}
Event: 4.955 GC heap before
{Heap before GC invocations=2 (full 0):
 garbage-first heap   total 131072K, used 35685K [0x0000000080000000, 0x0000000100000000)
  region size 1024K, 28 young (28672K), 1 survivors (1024K)
 Metaspace       used 11044K, capacity 11256K, committed 11520K, reserved 1058816K
  class space    used 1145K, capacity 1201K, committed 1280K, reserved 1048576K
}
Event: 4.961 GC heap after
{Heap after GC invocations=3 (full 0):
 garbage-first heap   total 131072K, used 11762K [0x0000000080000000, 0x0000000100000000)
  region size 1024K, 4 young (4096K), 4 survivors (4096K)
 Metaspace       used 11044K, capacity 11256K, committed 11520K, reserved 1058816K
  class space    used 1145K, capacity 1201K, committed 1280K, reserved 1048576K
}
Event: 20.090 GC heap before
{Heap before GC invocations=3 (full 0):
 garbage-first heap   total 131072K, used 52722K [0x0000000080000000, 0x0000000100000000)
  region size 1024K, 44 young (45056K), 4 survivors (4096K)
 Metaspace       used 18135K, capacity 18578K, committed 18688K, reserved 1064960K
  class space    used 2160K, capacity 2294K, committed 2304K, reserved 1048576K
}
Event: 20.109 GC heap after
{Heap after GC invocations=4 (full 0):
 garbage-first heap   total 131072K, used 16100K [0x0000000080000000, 0x0000000100000000)
  region size 1024K, 6 young (6144K), 6 survivors (6144K)
 Metaspace       used 18135K, capacity 18578K, committed 18688K, reserved 1064960K
  class space    used 2160K, capacity 2294K, committed 2304K, reserved 1048576K
}
Event: 20.631 GC heap before
{Heap before GC invocations=4 (full 0):
 garbage-first heap   total 131072K, used 33508K [0x0000000080000000, 0x0000000100000000)
  region size 1024K, 24 young (24576K), 6 survivors (6144K)
 Metaspace       used 20607K, capacity 21127K, committed 21296K, reserved 1069056K
  class space    used 2520K, capacity 2680K, committed 2688K, reserved 1048576K
}
Event: 20.639 GC heap after
{Heap after GC invocations=5 (full 0):
 garbage-first heap   total 131072K, used 16779K [0x0000000080000000, 0x0000000100000000)
  region size 1024K, 4 young (4096K), 4 survivors (4096K)
 Metaspace       used 20607K, capacity 21127K, committed 21296K, reserved 1069056K
  class space    used 2520K, capacity 2680K, committed 2688K, reserved 1048576K
}

Deoptimization events (20 events):
Event: 21.033 Thread 0x000002316b197000 Uncommon trap: trap_request=0xffffff4d fr.pc=0x000002315a9ba0b4 relative=0x0000000000000174
Event: 21.033 Thread 0x000002316b197000 Uncommon trap: reason=unstable_if action=reinterpret pc=0x000002315a9ba0b4 method=java.util.HashMap.getNode(ILjava/lang/Object;)Ljava/util/HashMap$Node; @ 129 c2
Event: 21.033 Thread 0x000002316b197000 DEOPT PACKING pc=0x000002315a9ba0b4 sp=0x0000006cdd8fa0c0
Event: 21.033 Thread 0x000002316b197000 DEOPT UNPACKING pc=0x0000023152ed74af sp=0x0000006cdd8f9fc0 mode 2
Event: 21.033 Thread 0x000002316b197000 Uncommon trap: trap_request=0xffffffc6 fr.pc=0x000002315aa495f0 relative=0x00000000000011b0
Event: 21.033 Thread 0x000002316b197000 Uncommon trap: reason=bimorphic_or_optimized_type_check action=maybe_recompile pc=0x000002315aa495f0 method=java.util.HashMap.putVal(ILjava/lang/Object;Ljava/lang/Object;ZZ)Ljava/lang/Object; @ 203 c2
Event: 21.033 Thread 0x000002316b197000 DEOPT PACKING pc=0x000002315aa495f0 sp=0x0000006cdd8f9ff0
Event: 21.033 Thread 0x000002316b197000 DEOPT UNPACKING pc=0x0000023152ed74af sp=0x0000006cdd8f9fc0 mode 2
Event: 21.033 Thread 0x000002316b197000 Uncommon trap: trap_request=0xffffff4d fr.pc=0x000002315a9a8c2c relative=0x00000000000001ec
Event: 21.033 Thread 0x000002316b197000 Uncommon trap: reason=unstable_if action=reinterpret pc=0x000002315a9a8c2c method=java.util.HashMap.getNode(ILjava/lang/Object;)Ljava/util/HashMap$Node; @ 129 c2
Event: 21.033 Thread 0x000002316b197000 DEOPT PACKING pc=0x000002315a9a8c2c sp=0x0000006cdd8fa020
Event: 21.033 Thread 0x000002316b197000 DEOPT UNPACKING pc=0x0000023152ed74af sp=0x0000006cdd8f9fa8 mode 2
Event: 21.034 Thread 0x000002316b197000 Uncommon trap: trap_request=0xffffffc6 fr.pc=0x000002315aa495f0 relative=0x00000000000011b0
Event: 21.034 Thread 0x000002316b197000 Uncommon trap: reason=bimorphic_or_optimized_type_check action=maybe_recompile pc=0x000002315aa495f0 method=java.util.HashMap.putVal(ILjava/lang/Object;Ljava/lang/Object;ZZ)Ljava/lang/Object; @ 203 c2
Event: 21.034 Thread 0x000002316b197000 DEOPT PACKING pc=0x000002315aa495f0 sp=0x0000006cdd8f9fd0
Event: 21.034 Thread 0x000002316b197000 DEOPT UNPACKING pc=0x0000023152ed74af sp=0x0000006cdd8f9fa0 mode 2
Event: 21.359 Thread 0x000002316b197000 Uncommon trap: trap_request=0xffffff4d fr.pc=0x000002315aa445fc relative=0x000000000000023c
Event: 21.359 Thread 0x000002316b197000 Uncommon trap: reason=unstable_if action=reinterpret pc=0x000002315aa445fc method=java.util.concurrent.ConcurrentHashMap.get(Ljava/lang/Object;)Ljava/lang/Object; @ 76 c2
Event: 21.359 Thread 0x000002316b197000 DEOPT PACKING pc=0x000002315aa445fc sp=0x0000006cdd8f8c50
Event: 21.359 Thread 0x000002316b197000 DEOPT UNPACKING pc=0x0000023152ed74af sp=0x0000006cdd8f8bb8 mode 2

Classes redefined (0 events):
No events

Internal exceptions (20 events):
Event: 9.684 Thread 0x000002314f543000 Exception <a 'java/lang/NoSuchMethodError'{0x00000000868c2f00}: 'java.lang.Object java.lang.invoke.DirectMethodHandle$Holder.invokeStaticInit(java.lang.Object, int, int, int, int)'> (0x00000000868c2f00) thrown at [./src/hotspot/share/interpreter/linkResolver.cpp, line 773]
Event: 11.333 Thread 0x000002314f543000 Exception <a 'java/lang/NoSuchMethodError'{0x00000000868f5fc0}: 'java.lang.Object java.lang.invoke.DirectMethodHandle$Holder.invokeStaticInit(java.lang.Object, java.lang.Object, int, int, int, int)'> (0x00000000868f5fc0) thrown at [./src/hotspot/share/interpreter/linkResolver.cpp, line 773]
Event: 18.864 Thread 0x000002314f543000 Exception <a 'java/io/IOException'{0x00000000866bf718}> (0x00000000866bf718) thrown at [./src/hotspot/share/prims/jni.cpp, line 615]
Event: 19.274 Thread 0x000002316b17d800 Exception <a 'java/lang/NoSuchMethodError'{0x00000000864ed818}: <clinit>> (0x00000000864ed818) thrown at [./src/hotspot/share/prims/jni.cpp, line 1362]
Event: 19.281 Thread 0x000002316b17d800 Exception <a 'java/lang/NoSuchMethodError'{0x00000000864f60b0}: <clinit>> (0x00000000864f60b0) thrown at [./src/hotspot/share/prims/jni.cpp, line 1362]
Event: 19.293 Thread 0x000002316b17d800 Exception <a 'java/lang/NoSuchMethodError'{0x0000000085f0a100}: <clinit>> (0x0000000085f0a100) thrown at [./src/hotspot/share/prims/jni.cpp, line 1362]
Event: 19.327 Thread 0x000002316b17d800 Exception <a 'java/lang/NoSuchMethodError'{0x0000000085f58408}: <clinit>> (0x0000000085f58408) thrown at [./src/hotspot/share/prims/jni.cpp, line 1362]
Event: 19.345 Thread 0x000002316b17d800 Exception <a 'java/lang/NoSuchMethodError'{0x0000000085f93b80}: <clinit>> (0x0000000085f93b80) thrown at [./src/hotspot/share/prims/jni.cpp, line 1362]
Event: 19.360 Thread 0x000002316b17d800 Exception <a 'java/lang/NoSuchMethodError'{0x0000000085fc6738}: <clinit>> (0x0000000085fc6738) thrown at [./src/hotspot/share/prims/jni.cpp, line 1362]
Event: 19.733 Thread 0x000002316b197000 Exception <a 'java/lang/NoSuchMethodError'{0x0000000085cd4e20}: 'void java.lang.invoke.DelegatingMethodHandle$Holder.reinvoke_L(java.lang.Object, java.lang.Object, java.lang.Object, java.lang.Object)'> (0x0000000085cd4e20) thrown at [./src/hotspot/share/interpreter/linkResolver.cpp, line 773]
Event: 19.748 Thread 0x000002316b197000 Exception <a 'java/lang/NoSuchMethodError'{0x0000000085b0c4b8}: 'long java.lang.invoke.DirectMethodHandle$Holder.invokeInterface(java.lang.Object, java.lang.Object)'> (0x0000000085b0c4b8) thrown at [./src/hotspot/share/interpreter/linkResolver.cpp, line 773]
Event: 19.753 Thread 0x000002316b197000 Exception <a 'java/lang/NoSuchMethodError'{0x0000000085b2e020}: 'void java.lang.invoke.DelegatingMethodHandle$Holder.reinvoke_L(java.lang.Object, java.lang.Object, java.lang.Object, java.lang.Object, java.lang.Object, java.lang.Object, java.lang.Object)'> (0x0000000085b2e020) thrown at [./src/hotspot/share/interpreter/linkResolver.cpp, line 773]
Event: 20.312 Thread 0x000002316b197000 Exception <a 'java/lang/NoSuchMethodError'{0x00000000879f6fe0}: 'java.lang.Object java.lang.invoke.DirectMethodHandle$Holder.invokeVirtual(java.lang.Object, java.lang.Object, java.lang.Object)'> (0x00000000879f6fe0) thrown at [./src/hotspot/share/interpreter/linkResolver.cpp, line 773]
Event: 20.406 Thread 0x000002316b197000 Exception <a 'java/lang/NoSuchMethodError'{0x0000000087554ac0}: 'void java.lang.invoke.DirectMethodHandle$Holder.invokeStaticInit(java.lang.Object)'> (0x0000000087554ac0) thrown at [./src/hotspot/share/interpreter/linkResolver.cpp, line 773]
Event: 20.620 Thread 0x000002316b197000 Exception <a 'java/lang/NoSuchMethodError'{0x0000000086fc7bd8}: 'int java.lang.invoke.DirectMethodHandle$Holder.invokeSpecialIFC(java.lang.Object, java.lang.Object, java.lang.Object, java.lang.Object)'> (0x0000000086fc7bd8) thrown at [./src/hotspot/share/interpreter/linkResolver.cpp, line 773]
Event: 20.622 Thread 0x000002316b197000 Exception <a 'java/lang/NoSuchMethodError'{0x0000000086fd5bf0}: 'java.lang.Object java.lang.invoke.DirectMethodHandle$Holder.invokeInterface(java.lang.Object, java.lang.Object, java.lang.Object)'> (0x0000000086fd5bf0) thrown at [./src/hotspot/share/interpreter/linkResolver.cpp, line 773]
Event: 20.622 Thread 0x000002316b197000 Exception <a 'java/lang/IncompatibleClassChangeError'{0x0000000086fd90c8}: Found class java.lang.Object, but interface was expected> (0x0000000086fd90c8) thrown at [./src/hotspot/share/interpreter/linkResolver.cpp, line 839]
Event: 20.762 Thread 0x000002316b197000 Exception <a 'java/lang/NoSuchMethodError'{0x0000000087b96158}: 'void java.lang.invoke.DirectMethodHandle$Holder.invokeSpecial(java.lang.Object, java.lang.Object)'> (0x0000000087b96158) thrown at [./src/hotspot/share/interpreter/linkResolver.cpp, line 773]
Event: 20.981 Thread 0x000002316b197000 Exception <a 'java/lang/NoSuchMethodError'{0x000000008714c918}: 'java.lang.Object java.lang.invoke.DirectMethodHandle$Holder.invokeVirtual(java.lang.Object, java.lang.Object, java.lang.Object, java.lang.Object)'> (0x000000008714c918) thrown at [./src/hotspot/share/interpreter/linkResolver.cpp, line 773]
Event: 21.601 Thread 0x000002316b197000 Exception <a 'java/lang/NoSuchMethodError'{0x00000000861e2588}: 'void java.lang.invoke.DirectMethodHandle$Holder.invokeSpecial(java.lang.Object, java.lang.Object, java.lang.Object, java.lang.Object, java.lang.Object, java.lang.Object)'> (0x00000000861e2588) thrown at [./src/hotspot/share/interpreter/linkResolver.cpp, line 773]

Events (20 events):
Event: 21.666 loading class org/gradle/model/internal/asm/AsmClassGeneratorUtils
Event: 21.666 loading class org/gradle/model/internal/asm/AsmClassGeneratorUtils done
Event: 21.668 loading class org/objectweb/asm/Attribute
Event: 21.668 loading class org/objectweb/asm/Attribute done
Event: 21.671 loading class org/objectweb/asm/Handler
Event: 21.671 loading class org/objectweb/asm/Handler done
Event: 21.674 loading class jdk/internal/org/objectweb/asm/ClassReader
Event: 21.688 loading class jdk/internal/org/objectweb/asm/ClassReader done
Event: 21.693 loading class org/gradle/internal/instantiation/generator/ClassGenerator$SerializationConstructor
Event: 21.693 loading class org/gradle/internal/instantiation/generator/ClassGenerator$SerializationConstructor done
Event: 21.694 loading class org/gradle/internal/instantiation/generator/AbstractClassGenerator$GeneratedClassImpl$GeneratedConstructorImpl
Event: 21.694 loading class org/gradle/internal/instantiation/generator/AbstractClassGenerator$GeneratedClassImpl$GeneratedConstructorImpl done
Event: 21.695 loading class org/gradle/internal/instantiation/generator/ClassGenerator$GeneratedConstructor
Event: 21.695 loading class org/gradle/internal/instantiation/generator/ClassGenerator$GeneratedConstructor done
Event: 21.697 loading class org/gradle/internal/instantiation/generator/AsmBackedClassGenerator$InvokeConstructorStrategy
Event: 21.697 loading class org/gradle/internal/instantiation/generator/AsmBackedClassGenerator$InvokeConstructorStrategy done
Event: 21.698 loading class org/gradle/internal/instantiation/generator/AsmBackedClassGenerator$ObjectCreationDetails
Event: 21.698 loading class org/gradle/internal/instantiation/generator/AsmBackedClassGenerator$ObjectCreationDetails done
Event: 21.699 loading class org/gradle/internal/ImmutableActionSet
Event: 21.699 loading class org/gradle/internal/ImmutableActionSet done


Dynamic libraries:
0x00007ff605010000 - 0x00007ff60501a000 	C:\Program Files\Android\Android Studio\jre\bin\java.exe
0x00007ffaa8b60000 - 0x00007ffaa8d50000 	C:\WINDOWS\SYSTEM32\ntdll.dll
0x00007ffa74250000 - 0x00007ffa74263000 	C:\Program Files\Avast Software\Avast\aswhook.dll
0x00007ffaa80d0000 - 0x00007ffaa8182000 	C:\WINDOWS\System32\KERNEL32.DLL
0x00007ffaa5d00000 - 0x00007ffaa5fa5000 	C:\WINDOWS\System32\KERNELBASE.dll
0x00007ffaa5ba0000 - 0x00007ffaa5c9a000 	C:\WINDOWS\System32\ucrtbase.dll
0x00007ffa7d0b0000 - 0x00007ffa7d0c7000 	C:\Program Files\Android\Android Studio\jre\bin\VCRUNTIME140.dll
0x00007ffa743d0000 - 0x00007ffa743e9000 	C:\Program Files\Android\Android Studio\jre\bin\jli.dll
0x00007ffaa7aa0000 - 0x00007ffaa7c34000 	C:\WINDOWS\System32\USER32.dll
0x00007ffaa5b70000 - 0x00007ffaa5b91000 	C:\WINDOWS\System32\win32u.dll
0x00007ffa8d160000 - 0x00007ffa8d3e4000 	C:\WINDOWS\WinSxS\amd64_microsoft.windows.common-controls_6595b64144ccf1df_6.0.18362.1139_none_9e7bf2d3e4605ac6\COMCTL32.dll
0x00007ffaa6d80000 - 0x00007ffaa6da6000 	C:\WINDOWS\System32\GDI32.dll
0x00007ffaa8570000 - 0x00007ffaa860e000 	C:\WINDOWS\System32\msvcrt.dll
0x00007ffaa5fb0000 - 0x00007ffaa6146000 	C:\WINDOWS\System32\gdi32full.dll
0x00007ffaa6e80000 - 0x00007ffaa71b5000 	C:\WINDOWS\System32\combase.dll
0x00007ffaa6b70000 - 0x00007ffaa6c0e000 	C:\WINDOWS\System32\msvcp_win.dll
0x00007ffaa83a0000 - 0x00007ffaa84c0000 	C:\WINDOWS\System32\RPCRT4.dll
0x00007ffaa5af0000 - 0x00007ffaa5b70000 	C:\WINDOWS\System32\bcryptPrimitives.dll
0x00007ffaa8610000 - 0x00007ffaa863e000 	C:\WINDOWS\System32\IMM32.DLL
0x00007ffa572e0000 - 0x00007ffa5737d000 	C:\Program Files\Android\Android Studio\jre\bin\msvcp140.dll
0x00007ffa3a1b0000 - 0x00007ffa3ac6c000 	C:\Program Files\Android\Android Studio\jre\bin\server\jvm.dll
0x00007ffaa8190000 - 0x00007ffaa8233000 	C:\WINDOWS\System32\ADVAPI32.dll
0x00007ffaa6c10000 - 0x00007ffaa6ca7000 	C:\WINDOWS\System32\sechost.dll
0x00007ffaa80c0000 - 0x00007ffaa80c8000 	C:\WINDOWS\System32\PSAPI.DLL
0x00007ffa9fec0000 - 0x00007ffa9feca000 	C:\WINDOWS\SYSTEM32\VERSION.dll
0x00007ffaa3a00000 - 0x00007ffaa3a24000 	C:\WINDOWS\SYSTEM32\WINMM.dll
0x00007ffa8a4c0000 - 0x00007ffa8a4c9000 	C:\WINDOWS\SYSTEM32\WSOCK32.dll
0x00007ffaa3660000 - 0x00007ffaa368d000 	C:\WINDOWS\SYSTEM32\winmmbase.dll
0x00007ffaa68d0000 - 0x00007ffaa691a000 	C:\WINDOWS\System32\cfgmgr32.dll
0x00007ffaa8ab0000 - 0x00007ffaa8b1f000 	C:\WINDOWS\System32\WS2_32.dll
0x00007ffaa5a30000 - 0x00007ffaa5a41000 	C:\WINDOWS\System32\kernel.appcore.dll
0x00007ffa9cc70000 - 0x00007ffa9cc81000 	C:\Program Files\Android\Android Studio\jre\bin\verify.dll
0x00007ffa9e970000 - 0x00007ffa9eb64000 	C:\WINDOWS\SYSTEM32\DBGHELP.DLL
0x00007ffa9e690000 - 0x00007ffa9e6ba000 	C:\WINDOWS\SYSTEM32\dbgcore.DLL
0x00007ffa9cb90000 - 0x00007ffa9cbb9000 	C:\Program Files\Android\Android Studio\jre\bin\java.dll
0x00007ffa9e390000 - 0x00007ffa9e39b000 	C:\Program Files\Android\Android Studio\jre\bin\jimage.dll
0x00007ffa9cb30000 - 0x00007ffa9cb48000 	C:\Program Files\Android\Android Studio\jre\bin\zip.dll
0x00007ffaa7350000 - 0x00007ffaa7a37000 	C:\WINDOWS\System32\SHELL32.dll
0x00007ffaa7290000 - 0x00007ffaa7339000 	C:\WINDOWS\System32\shcore.dll
0x00007ffaa6150000 - 0x00007ffaa68d0000 	C:\WINDOWS\System32\windows.storage.dll
0x00007ffaa5a50000 - 0x00007ffaa5a73000 	C:\WINDOWS\System32\profapi.dll
0x00007ffaa5aa0000 - 0x00007ffaa5aea000 	C:\WINDOWS\System32\powrprof.dll
0x00007ffaa5a20000 - 0x00007ffaa5a30000 	C:\WINDOWS\System32\UMPDC.dll
0x00007ffaa6d20000 - 0x00007ffaa6d72000 	C:\WINDOWS\System32\shlwapi.dll
0x00007ffaa6b50000 - 0x00007ffaa6b67000 	C:\WINDOWS\System32\cryptsp.dll
0x00007ffa9c850000 - 0x00007ffa9c86a000 	C:\Program Files\Android\Android Studio\jre\bin\net.dll
0x00007ffa94000000 - 0x00007ffa940f0000 	C:\WINDOWS\SYSTEM32\WINHTTP.dll
0x00007ffaa51c0000 - 0x00007ffaa5227000 	C:\WINDOWS\system32\mswsock.dll
0x00007ffa9c830000 - 0x00007ffa9c844000 	C:\Program Files\Android\Android Studio\jre\bin\nio.dll
0x00007ffa7e430000 - 0x00007ffa7e457000 	C:\Users\Zhamshid Irisbayev\.gradle\native\fdc75f09e3144964f2cf3f50f0aa648679c211496f362492102eb8c894070792\windows-amd64\native-platform.dll
0x00007ffa4f8f0000 - 0x00007ffa4fa86000 	C:\Users\Zhamshid Irisbayev\.gradle\native\12488b8bf47d2d4c9fbf2f6322a914ad602e24e48041cd04a747c6da556b65c4\windows-amd64\native-platform-file-events.dll
0x00007ffa9ccf0000 - 0x00007ffa9ccfa000 	C:\Program Files\Android\Android Studio\jre\bin\management.dll
0x00007ffa9cca0000 - 0x00007ffa9ccac000 	C:\Program Files\Android\Android Studio\jre\bin\management_ext.dll
0x00007ffaa4d40000 - 0x00007ffaa4d73000 	C:\WINDOWS\system32\rsaenh.dll
0x00007ffaa69d0000 - 0x00007ffaa69f6000 	C:\WINDOWS\System32\bcrypt.dll
0x00007ffaa5940000 - 0x00007ffaa5965000 	C:\WINDOWS\SYSTEM32\USERENV.dll
0x00007ffaa53a0000 - 0x00007ffaa53ac000 	C:\WINDOWS\SYSTEM32\CRYPTBASE.dll
0x00007ffaa4ee0000 - 0x00007ffaa4f1a000 	C:\WINDOWS\SYSTEM32\IPHLPAPI.DLL
0x00007ffaa7340000 - 0x00007ffaa7348000 	C:\WINDOWS\System32\NSI.dll
0x00007ffa9e560000 - 0x00007ffa9e576000 	C:\WINDOWS\SYSTEM32\dhcpcsvc6.DLL
0x00007ffa9e540000 - 0x00007ffa9e55c000 	C:\WINDOWS\SYSTEM32\dhcpcsvc.DLL
0x00007ffaa4f20000 - 0x00007ffaa4feb000 	C:\WINDOWS\SYSTEM32\DNSAPI.dll
0x00007ffa9e5e0000 - 0x00007ffa9e5eb000 	C:\WINDOWS\SYSTEM32\WINNSI.DLL

dbghelp: loaded successfully - version: 4.0.5 - missing functions: none
symbol engine: initialized successfully - sym options: 0x614 - pdb path: .;C:\Program Files\Android\Android Studio\jre\bin;C:\WINDOWS\SYSTEM32;C:\Program Files\Avast Software\Avast;C:\WINDOWS\WinSxS\amd64_microsoft.windows.common-controls_6595b64144ccf1df_6.0.18362.1139_none_9e7bf2d3e4605ac6;C:\Program Files\Android\Android Studio\jre\bin\server;C:\Users\Zhamshid Irisbayev\.gradle\native\fdc75f09e3144964f2cf3f50f0aa648679c211496f362492102eb8c894070792\windows-amd64;C:\Users\Zhamshid Irisbayev\.gradle\native\12488b8bf47d2d4c9fbf2f6322a914ad602e24e48041cd04a747c6da556b65c4\windows-amd64

VM Arguments:
jvm_args: --add-opens=java.base/java.util=ALL-UNNAMED --add-opens=java.base/java.lang=ALL-UNNAMED --add-opens=java.base/java.lang.invoke=ALL-UNNAMED --add-opens=java.prefs/java.util.prefs=ALL-UNNAMED -Xmx2048m -Dfile.encoding=UTF-8 -Duser.country=RU -Duser.language=ru -Duser.variant 
java_command: org.gradle.launcher.daemon.bootstrap.GradleDaemon 6.7.1
java_class_path (initial): C:\Users\Zhamshid Irisbayev\.gradle\wrapper\dists\gradle-6.7.1-bin\bwlcbys1h7rz3272sye1xwiv6\gradle-6.7.1\lib\gradle-launcher-6.7.1.jar
Launcher Type: SUN_STANDARD

[Global flags]
     intx CICompilerCount                          = 3                                         {product} {ergonomic}
     uint ConcGCThreads                            = 1                                         {product} {ergonomic}
     uint G1ConcRefinementThreads                  = 4                                         {product} {ergonomic}
   size_t G1HeapRegionSize                         = 1048576                                   {product} {ergonomic}
    uintx GCDrainStackTargetSize                   = 64                                        {product} {ergonomic}
   size_t InitialHeapSize                          = 134217728                                 {product} {ergonomic}
   size_t MarkStackSize                            = 4194304                                   {product} {ergonomic}
   size_t MaxHeapSize                              = 2147483648                                {product} {command line}
   size_t MaxNewSize                               = 1287651328                                {product} {ergonomic}
   size_t MinHeapDeltaBytes                        = 1048576                                   {product} {ergonomic}
    uintx NonNMethodCodeHeapSize                   = 5830732                                {pd product} {ergonomic}
    uintx NonProfiledCodeHeapSize                  = 122913754                              {pd product} {ergonomic}
    uintx ProfiledCodeHeapSize                     = 122913754                              {pd product} {ergonomic}
    uintx ReservedCodeCacheSize                    = 251658240                              {pd product} {ergonomic}
     bool SegmentedCodeCache                       = true                                      {product} {ergonomic}
     bool UseCompressedClassPointers               = true                                 {lp64_product} {ergonomic}
     bool UseCompressedOops                        = true                                 {lp64_product} {ergonomic}
     bool UseG1GC                                  = true                                      {product} {ergonomic}
     bool UseLargePagesIndividualAllocation        = false                                  {pd product} {ergonomic}

Logging:
Log output configuration:
 #0: stdout all=warning uptime,level,tags
 #1: stderr all=off uptime,level,tags

Environment Variables:
JAVA_HOME=C:\Users\Zhamshid Irisbayev\.jdks\openjdk-15.0.1
PATH=C:\Program Files (x86)\Common Files\Oracle\Java\javapath;C:\Windows\system32;C:\Windows;C:\Windows\System32\Wbem;C:\Windows\System32\WindowsPowerShell\v1.0\;C:\Windows\System32\OpenSSH\;C:\Program Files (x86)\NVIDIA Corporation\PhysX\Common;C:\WINDOWS\system32;C:\WINDOWS;C:\WINDOWS\System32\Wbem;C:\WINDOWS\System32\WindowsPowerShell\v1.0\;C:\WINDOWS\System32\OpenSSH\;C:\Program Files\Microsoft SQL Server\120\Tools\Binn\;C:\Program Files\Common Files\Autodesk Shared\;C:\Program Files\NVIDIA Corporation\NVIDIA NvDLISR;C:\Program Files\Git\cmd;C:\Program Files (x86)\dotnet\
USERNAME=Zhamshid Irisbayev
OS=Windows_NT
PROCESSOR_IDENTIFIER=Intel64 Family 6 Model 142 Stepping 10, GenuineIntel



---------------  S Y S T E M  ---------------

OS: Windows 10 , 64 bit Build 18362 (10.0.18362.1110)
OS uptime: 11 days 15:15 hours
HyperV virtualization detected

CPU:total 4 (initial active 4) (2 cores per cpu, 2 threads per core) family 6 model 142 stepping 10, cmov, cx8, fxsr, mmx, sse, sse2, sse3, ssse3, sse4.1, sse4.2, popcnt, avx, avx2, aes, clmul, erms, 3dnowpref, lzcnt, ht, tsc, tscinvbit, bmi1, bmi2, adx, fma

Memory: 4k page, system-wide physical 8069M (480M free)
TotalPageFile size 16261M (AvailPageFile size 17M)
current process WorkingSet (physical memory assigned to process): 166M, peak: 166M
current process commit charge ("private bytes"): 265M, peak: 265M

vm_info: OpenJDK 64-Bit Server VM (11.0.8+10-b944.6842174) for windows-amd64 JRE (11.0.8+10-b944.6842174), built on Sep 19 2020 01:11:42 by "builder" with MS VC++ 14.0 (VS2015)

END.
